<?xml version="1.0" encoding="UTF-8"?>
<!-- Generated by org.testng.reporters.JUnitReportReporter -->
<testsuite hostname="USBLRSSARDANA1" failures="0" tests="1" name="testNg.Class2" time="0.000" errors="0" timestamp="2022-05-01T12:32:39 IST" skipped="0">
  <testcase classname="testNg.Class2" name="printSomething" time="0.000"/>
  <system-out/>
</testsuite> <!-- testNg.Class2 -->
